[0.027s] Invoking command in '/home/filip/ros2_ws/build/colreg_interfaces': CMAKE_PREFIX_PATH=${CMAKE_PREFIX_PATH}:/home/filip/ros2_ws/install/py_pubsub:/home/filip/ros2_ws/install/colreg_package_test:/home/filip/ros2_ws/install/colreg_package:/opt/ros/humble /usr/bin/cmake --build /home/filip/ros2_ws/build/colreg_interfaces -- -j2 -l2
[0.071s] -- Found ament_lint_auto: 0.12.4 (/opt/ros/humble/share/ament_lint_auto/cmake)
[0.297s] -- Found ament_cmake: 1.3.2 (/opt/ros/humble/share/ament_cmake/cmake)
[0.303s] -- Found geometry_msgs: 4.2.2 (/opt/ros/humble/share/geometry_msgs/cmake)
[0.333s] -- Found rosidl_generator_c: 3.1.3 (/opt/ros/humble/share/rosidl_generator_c/cmake)
[0.340s] -- Found rosidl_adapter: 3.1.3 (/opt/ros/humble/share/rosidl_adapter/cmake)
[0.347s] -- Found rosidl_generator_cpp: 3.1.3 (/opt/ros/humble/share/rosidl_generator_cpp/cmake)
[0.361s] -- Using all available rosidl_typesupport_c: rosidl_typesupport_fastrtps_c;rosidl_typesupport_introspection_c
[0.379s] -- Using all available rosidl_typesupport_cpp: rosidl_typesupport_fastrtps_cpp;rosidl_typesupport_introspection_cpp
[0.515s] -- Found turtlesim: 1.4.2 (/opt/ros/humble/share/turtlesim/cmake)
[0.667s] -- Found rosidl_default_generators: 1.2.0 (/opt/ros/humble/share/rosidl_default_generators/cmake)
[0.869s] [31mCMake Error at /opt/ros/humble/share/rosidl_adapter/cmake/rosidl_adapt_interfaces.cmake:59 (message):
[0.869s]   execute_process(/usr/bin/python3.10 -m rosidl_adapter --package-name
[0.869s]   colreg_interfaces --arguments-file
[0.870s]   /home/filip/ros2_ws/build/colreg_interfaces/rosidl_adapter__arguments__colreg_interfaces.json
[0.870s]   --output-dir
[0.870s]   /home/filip/ros2_ws/build/colreg_interfaces/rosidl_adapter/colreg_interfaces
[0.870s]   --output-file
[0.870s]   /home/filip/ros2_ws/build/colreg_interfaces/rosidl_adapter/colreg_interfaces.idls)
[0.870s]   returned error code 1:
[0.870s] 
[0.870s]   Error processing 'turtlesim/msg/Pose target_ship' of
[0.871s]   'colreg_interfaces/Colreg': 'turtlesim/msg/Pose'
[0.872s] 
[0.872s]   Traceback (most recent call last):
[0.872s] 
[0.872s]     File "/usr/lib/python3.10/runpy.py", line 196, in _run_module_as_main
[0.872s]       return _run_code(code, main_globals, None,
[0.872s]     File "/usr/lib/python3.10/runpy.py", line 86, in _run_code
[0.872s]       exec(code, run_globals)
[0.872s]     File "/opt/ros/humble/local/lib/python3.10/dist-packages/rosidl_adapter/__main__.py", line 19, in <module>
[0.872s]       sys.exit(main())
[0.872s]     File "/opt/ros/humble/local/lib/python3.10/dist-packages/rosidl_adapter/main.py", line 53, in main
[0.872s]       abs_idl_file = convert_to_idl(
[0.872s]     File "/opt/ros/humble/local/lib/python3.10/dist-packages/rosidl_adapter/__init__.py", line 19, in convert_to_idl
[0.872s]       return convert_msg_to_idl(
[0.872s]     File "/opt/ros/humble/local/lib/python3.10/dist-packages/rosidl_adapter/msg/__init__.py", line 28, in convert_msg_to_idl
[0.872s]       msg = parse_message_string(package_name, input_file.stem, content)
[0.872s]     File "/opt/ros/humble/local/lib/python3.10/dist-packages/rosidl_adapter/parser.py", line 520, in parse_message_string
[0.872s]       Type(type_string, context_package_name=pkg_name),
[0.873s]     File "/opt/ros/humble/local/lib/python3.10/dist-packages/rosidl_adapter/parser.py", line 277, in __init__
[0.873s]       super(Type, self).__init__(
[0.873s]     File "/opt/ros/humble/local/lib/python3.10/dist-packages/rosidl_adapter/parser.py", line 190, in __init__
[0.873s]       raise InvalidResourceName(type_string)
[0.873s] 
[0.873s]   rosidl_adapter.parser.InvalidResourceName: turtlesim/msg/Pose
[0.873s] 
[0.873s] Call Stack (most recent call first):
[0.873s]   /opt/ros/humble/share/rosidl_cmake/cmake/rosidl_generate_interfaces.cmake:130 (rosidl_adapt_interfaces)
[0.873s]   CMakeLists.txt:29 (rosidl_generate_interfaces)
[0.873s] 
[0.873s] [0m
[0.873s] -- Configuring incomplete, errors occurred!
[0.873s] See also "/home/filip/ros2_ws/build/colreg_interfaces/CMakeFiles/CMakeOutput.log".
[0.880s] gmake: *** [Makefile:747: cmake_check_build_system] Error 1
[0.881s] Invoked command in '/home/filip/ros2_ws/build/colreg_interfaces' returned '2': CMAKE_PREFIX_PATH=${CMAKE_PREFIX_PATH}:/home/filip/ros2_ws/install/py_pubsub:/home/filip/ros2_ws/install/colreg_package_test:/home/filip/ros2_ws/install/colreg_package:/opt/ros/humble /usr/bin/cmake --build /home/filip/ros2_ws/build/colreg_interfaces -- -j2 -l2
